###
### Executing 'df -h' as a non-root user to see if
###  any persistent memory filesystems are mounted.
### This example shows two /dev/pmem* devices are mounted.
###

$ df -h
Filesystem                        Size  Used Avail Use% Mounted on
devtmpfs                          188G     0  188G   0% /dev
tmpfs                             188G     0  188G   0% /dev/shm
tmpfs                             188G  2.7M  188G   1% /run
tmpfs                             188G     0  188G   0% /sys/fs/cgroup
/dev/mapper/fedora_pmemdev1-root  400G   66G  335G  17% /
tmpfs                             188G   36K  188G   1% /tmp
/dev/sda2                         976M  222M  687M  25% /boot
/dev/sda1                         200M   79M  122M  40% /boot/efi
tmpfs                              38G     0   38G   0% /run/user/0
/dev/pmem0                        1.5T   77M  1.4T   1% /mnt/pmemfs0
/dev/pmem1                        1.5T   77M  1.4T   1% /mnt/pmemfs1

###
### We can filter the output to look specifically at the pmem devices 
###  without using grep, eg:
###

$ df -h /dev/pmem*
Filesystem      Size  Used Avail Use% Mounted on
/dev/pmem0      1.5T   77M  1.4T   1% /mnt/pmemfs0
/dev/pmem1      1.5T   77M  1.4T   1% /mnt/pmemfs1
