# ndctl list -DRN
{
  "dimms":[
    {
      "dev":"nmem1",
      "id":"8089-a2-1837-00000bb3",
      "handle":17,
      "phys_id":44,
      "security":"disabled"
    },
    {
      "dev":"nmem3",
      "id":"8089-a2-1837-00000b5e",
      "handle":257,
      "phys_id":54,
      "security":"disabled"
    },
    {
      "dev":"nmem5",
      "id":"8089-a2-1837-00000b58",
      "handle":289,
      "phys_id":62,
      "security":"disabled"
    },
    {
      "dev":"nmem10",
      "id":"8089-a2-1837-00000bd2",
      "handle":4369,
      "phys_id":86,
      "security":"disabled"
    },
    {
      "dev":"nmem7",
      "id":"8089-a2-1837-00000b04",
      "handle":4113,
      "phys_id":72,
      "security":"disabled"
    },
    {
      "dev":"nmem9",
      "id":"8089-a2-1837-00000e7c",
      "handle":4353,
      "phys_id":82,
      "security":"disabled"
    },
    {
      "dev":"nmem0",
      "id":"8089-a2-1837-00000be8",
      "handle":1,
      "phys_id":40,
      "security":"disabled"
    },
    {
      "dev":"nmem2",
      "id":"8089-a2-1837-00001243",
      "handle":33,
      "phys_id":48,
      "security":"disabled"
    },
    {
      "dev":"nmem4",
      "id":"8089-a2-1837-00001016",
      "handle":273,
      "phys_id":58,
      "security":"disabled"
    },
    {
      "dev":"nmem6",
      "id":"8089-a2-1837-00000e88",
      "handle":4097,
      "phys_id":68,
      "security":"disabled"
    },
    {
      "dev":"nmem11",
      "id":"8089-a2-1837-00000d54",
      "handle":4385,
      "phys_id":90,
      "security":"disabled"
    },
    {
      "dev":"nmem8",
      "id":"8089-a2-1837-00001114",
      "handle":4129,
      "phys_id":76,
      "security":"disabled"
    }
  ],
  "regions":[
    {
      "dev":"region1",
      "size":1623497637888,
      "available_size":1623497637888,
      "max_available_extent":1623497637888,
      "type":"pmem",
      "iset_id":-2506113243053544244,
      "mappings":[
        {
          "dimm":"nmem11",
          "offset":268435456,
          "length":270582939648,
          "position":5
        },
        {
          "dimm":"nmem10",
          "offset":268435456,
          "length":270582939648,
          "position":1
        },
        {
          "dimm":"nmem9",
          "offset":268435456,
          "length":270582939648,
          "position":3
        },
        {
          "dimm":"nmem8",
          "offset":268435456,
          "length":270582939648,
          "position":2
        },
        {
          "dimm":"nmem7",
          "offset":268435456,
          "length":270582939648,
          "position":4
        },
        {
          "dimm":"nmem6",
          "offset":268435456,
          "length":270582939648,
          "position":0
        }
      ],
      "persistence_domain":"memory_controller"
    },
    {
      "dev":"region0",
      "size":1623497637888,
      "available_size":0,
      "max_available_extent":0,
      "type":"pmem",
      "iset_id":3259620181632232652,
      "mappings":[
        {
          "dimm":"nmem5",
          "offset":268435456,
          "length":270582939648,
          "position":5
        },
        {
          "dimm":"nmem4",
          "offset":268435456,
          "length":270582939648,
          "position":1
        },
        {
          "dimm":"nmem3",
          "offset":268435456,
          "length":270582939648,
          "position":3
        },
        {
          "dimm":"nmem2",
          "offset":268435456,
          "length":270582939648,
          "position":2
        },
        {
          "dimm":"nmem1",
          "offset":268435456,
          "length":270582939648,
          "position":4
        },
        {
          "dimm":"nmem0",
          "offset":268435456,
          "length":270582939648,
          "position":0
        }
      ],
      "persistence_domain":"memory_controller",
      "namespaces":[
        {
          "dev":"namespace0.0",
          "mode":"fsdax",
          "map":"dev",
          "size":1598128390144,
          "uuid":"06b8536d-4713-487d-891d-795956d94cc9",
          "sector_size":512,
          "align":2097152,
          "blockdev":"pmem0"
        }
      ]
    }
  ]
}
