###
### Using 'ndctl list -RNv' to map namespaces and regions to NUMA sockets
### The '-v' is required to show NUMA information.
###

$ ndctl list -RNv
{
  "regions":[
    {
      "dev":"region1",
      "size":1623497637888,
      "available_size":0,
      "max_available_extent":0,
      "type":"pmem",
      "numa_node":1,
      "iset_id":-2506113243053544244,
      "persistence_domain":"memory_controller",
      "namespaces":[
        {
          "dev":"namespace1.0",
          "mode":"fsdax",
          "map":"dev",
          "size":1598128390144,
          "uuid":"b45584b5-b0ff-4d48-af20-468d2a1b531a",
          "raw_uuid":"1b399fb7-4dbc-4e84-81bc-e38c56e93c54",
          "sector_size":512,
          "align":2097152,
          "blockdev":"pmem1",
          "numa_node":1,
          "supported_alignments":[
            4096,
            2097152,
            1073741824
          ]
        }
      ]
    },
    {
      "dev":"region0",
      "size":1623497637888,
      "available_size":0,
      "max_available_extent":0,
      "type":"pmem",
      "numa_node":0,
      "iset_id":3259620181632232652,
      "persistence_domain":"memory_controller",
      "namespaces":[
        {
          "dev":"namespace0.0",
          "mode":"fsdax",
          "map":"dev",
          "size":1598128390144,
          "uuid":"2f373b37-d9b3-48e3-a2e4-472462d884ce",
          "raw_uuid":"dcb723d4-4e34-4416-8572-7734888ff46d",
          "sector_size":512,
          "align":2097152,
          "blockdev":"pmem0",
          "numa_node":0,
          "supported_alignments":[
            4096,
            2097152,
            1073741824
          ]
        }
      ]
    }
  ]
}

###
### Using 'df -h /dev/pmem*' to map /dev/pmem* to mounted filesystems
###

$ df -h /dev/pmem*
Filesystem      Size  Used Avail Use% Mounted on
/dev/pmem0      1.5T   77M  1.4T   1% /mnt/pmemfs0
/dev/pmem1      1.5T   77M  1.4T   1% /mnt/pmemfs1
